Started GET "/" for ::1 at 2024-09-27 11:59:34 -0400
  
ActiveRecord::NoDatabaseError (We could not find your database: db/board_development. Which can be found in the database configuration file located at config/database.yml.

To resolve this issue:

- Did you create the database for this app, or delete it? You may need to create your database.
- Has the database name changed? Check your database.yml config has the correct database name.

To create your database, run:

        bin/rails db:create
):
  
activerecord (7.0.6) lib/active_record/connection_adapters/postgresql_adapter.rb:81:in `rescue in new_client'
activerecord (7.0.6) lib/active_record/connection_adapters/postgresql_adapter.rb:77:in `new_client'
activerecord (7.0.6) lib/active_record/connection_adapters/postgresql_adapter.rb:37:in `postgresql_connection'
activerecord (7.0.6) lib/active_record/connection_adapters/abstract/connection_pool.rb:656:in `public_send'
activerecord (7.0.6) lib/active_record/connection_adapters/abstract/connection_pool.rb:656:in `new_connection'
activerecord (7.0.6) lib/active_record/connection_adapters/abstract/connection_pool.rb:700:in `checkout_new_connection'
activerecord (7.0.6) lib/active_record/connection_adapters/abstract/connection_pool.rb:679:in `try_to_checkout_new_connection'
activerecord (7.0.6) lib/active_record/connection_adapters/abstract/connection_pool.rb:640:in `acquire_connection'
activerecord (7.0.6) lib/active_record/connection_adapters/abstract/connection_pool.rb:341:in `checkout'
activerecord (7.0.6) lib/active_record/connection_adapters/abstract/connection_pool.rb:181:in `connection'
activerecord (7.0.6) lib/active_record/connection_adapters/abstract/connection_handler.rb:211:in `retrieve_connection'
activerecord (7.0.6) lib/active_record/connection_handling.rb:313:in `retrieve_connection'
activerecord (7.0.6) lib/active_record/connection_handling.rb:280:in `connection'
activerecord (7.0.6) lib/active_record/migration.rb:613:in `connection'
activerecord (7.0.6) lib/active_record/migration.rb:608:in `build_watcher'
activerecord (7.0.6) lib/active_record/migration.rb:590:in `block in call'
activerecord (7.0.6) lib/active_record/migration.rb:589:in `synchronize'
activerecord (7.0.6) lib/active_record/migration.rb:589:in `call'
actionpack (7.0.6) lib/action_dispatch/middleware/callbacks.rb:27:in `block in call'
activesupport (7.0.6) lib/active_support/callbacks.rb:99:in `run_callbacks'
actionpack (7.0.6) lib/action_dispatch/middleware/callbacks.rb:26:in `call'
actionpack (7.0.6) lib/action_dispatch/middleware/executor.rb:14:in `call'
actionpack (7.0.6) lib/action_dispatch/middleware/actionable_exceptions.rb:17:in `call'
actionpack (7.0.6) lib/action_dispatch/middleware/debug_exceptions.rb:28:in `call'
web-console (4.2.0) lib/web_console/middleware.rb:132:in `call_app'
web-console (4.2.0) lib/web_console/middleware.rb:28:in `block in call'
web-console (4.2.0) lib/web_console/middleware.rb:17:in `catch'
web-console (4.2.0) lib/web_console/middleware.rb:17:in `call'
actionpack (7.0.6) lib/action_dispatch/middleware/show_exceptions.rb:29:in `call'
railties (7.0.6) lib/rails/rack/logger.rb:40:in `call_app'
railties (7.0.6) lib/rails/rack/logger.rb:25:in `block in call'
activesupport (7.0.6) lib/active_support/tagged_logging.rb:99:in `block in tagged'
activesupport (7.0.6) lib/active_support/tagged_logging.rb:37:in `tagged'
activesupport (7.0.6) lib/active_support/tagged_logging.rb:99:in `tagged'
railties (7.0.6) lib/rails/rack/logger.rb:25:in `call'
sprockets-rails (3.4.2) lib/sprockets/rails/quiet_assets.rb:13:in `call'
actionpack (7.0.6) lib/action_dispatch/middleware/remote_ip.rb:93:in `call'
actionpack (7.0.6) lib/action_dispatch/middleware/request_id.rb:26:in `call'
rack (2.2.7) lib/rack/method_override.rb:24:in `call'
rack (2.2.7) lib/rack/runtime.rb:22:in `call'
activesupport (7.0.6) lib/active_support/cache/strategy/local_cache_middleware.rb:29:in `call'
actionpack (7.0.6) lib/action_dispatch/middleware/server_timing.rb:61:in `block in call'
actionpack (7.0.6) lib/action_dispatch/middleware/server_timing.rb:26:in `collect_events'
actionpack (7.0.6) lib/action_dispatch/middleware/server_timing.rb:60:in `call'
actionpack (7.0.6) lib/action_dispatch/middleware/executor.rb:14:in `call'
actionpack (7.0.6) lib/action_dispatch/middleware/static.rb:23:in `call'
rack (2.2.7) lib/rack/sendfile.rb:110:in `call'
actionpack (7.0.6) lib/action_dispatch/middleware/host_authorization.rb:137:in `call'
railties (7.0.6) lib/rails/engine.rb:530:in `call'
puma (4.3.12) lib/puma/configuration.rb:228:in `call'
puma (4.3.12) lib/puma/server.rb:727:in `handle_request'
puma (4.3.12) lib/puma/server.rb:476:in `process_client'
puma (4.3.12) lib/puma/server.rb:332:in `block in run'
puma (4.3.12) lib/puma/thread_pool.rb:134:in `block in spawn_thread'
  [1m[35m (231.3ms)[0m  [1m[35mCREATE DATABASE "db/board_development" ENCODING = 'unicode'[0m
  [1m[35m (127.3ms)[0m  [1m[35mCREATE DATABASE "db/board_test" ENCODING = 'unicode'[0m
  [1m[35m (6.8ms)[0m  [1m[35mCREATE TABLE "schema_migrations" ("version" character varying NOT NULL PRIMARY KEY)[0m
  [1m[35m (5.2ms)[0m  [1m[35mCREATE TABLE "ar_internal_metadata" ("key" character varying NOT NULL PRIMARY KEY, "value" character varying, "created_at" timestamp(6) NOT NULL, "updated_at" timestamp(6) NOT NULL)[0m
  [1m[35m (0.2ms)[0m  [1m[34mSELECT pg_try_advisory_lock(602782469474709720)[0m
  [1m[36mActiveRecord::SchemaMigration Pluck (0.4ms)[0m  [1m[34mSELECT "schema_migrations"."version" FROM "schema_migrations" ORDER BY "schema_migrations"."version" ASC[0m
Migrating to CreateBoards (20230724213903)
  [1m[36mTRANSACTION (0.1ms)[0m  [1m[35mBEGIN[0m
  [1m[35m (3.9ms)[0m  [1m[35mCREATE TABLE "boards" ("id" bigserial primary key, "email" character varying(50) NOT NULL, "mines" integer[] NOT NULL, "rows" integer NOT NULL, "cols" integer NOT NULL, "created_at" timestamp(6) NOT NULL, "updated_at" timestamp(6) NOT NULL)[0m
  [1m[36mActiveRecord::SchemaMigration Create (0.4ms)[0m  [1m[32mINSERT INTO "schema_migrations" ("version") VALUES ($1) RETURNING "version"[0m  [["version", "20230724213903"]]
  [1m[36mTRANSACTION (0.3ms)[0m  [1m[35mCOMMIT[0m
  [1m[36mActiveRecord::InternalMetadata Load (0.3ms)[0m  [1m[34mSELECT "ar_internal_metadata".* FROM "ar_internal_metadata" WHERE "ar_internal_metadata"."key" = $1 LIMIT $2[0m  [["key", "environment"], ["LIMIT", 1]]
  [1m[36mTRANSACTION (0.1ms)[0m  [1m[35mBEGIN[0m
  [1m[36mActiveRecord::InternalMetadata Create (0.8ms)[0m  [1m[32mINSERT INTO "ar_internal_metadata" ("key", "value", "created_at", "updated_at") VALUES ($1, $2, $3, $4) RETURNING "key"[0m  [["key", "environment"], ["value", "development"], ["created_at", "2024-09-27 16:00:03.118715"], ["updated_at", "2024-09-27 16:00:03.118715"]]
  [1m[36mTRANSACTION (0.3ms)[0m  [1m[35mCOMMIT[0m
  [1m[35m (0.2ms)[0m  [1m[34mSELECT pg_advisory_unlock(602782469474709720)[0m
  [1m[36mActiveRecord::SchemaMigration Pluck (0.6ms)[0m  [1m[34mSELECT "schema_migrations"."version" FROM "schema_migrations" ORDER BY "schema_migrations"."version" ASC[0m
Started GET "/" for ::1 at 2024-09-27 12:00:09 -0400
  [1m[36mActiveRecord::SchemaMigration Pluck (0.6ms)[0m  [1m[34mSELECT "schema_migrations"."version" FROM "schema_migrations" ORDER BY "schema_migrations"."version" ASC[0m
Processing by BoardsController#index as HTML
  Rendering layout layouts/application.html.erb
  Rendering boards/index.html.erb within layouts/application
  [1m[36mBoard Load (67.2ms)[0m  [1m[34mSELECT "boards".* FROM "boards"[0m
  ↳ app/views/boards/_boards_table.html.erb:13:in `each_with_index'
  Rendered boards/_boards_table.html.erb (Duration: 70.6ms | Allocations: 1111)
  Rendered boards/_boards_table.html.erb (Duration: 0.1ms | Allocations: 11)
  Rendered boards/index.html.erb within layouts/application (Duration: 98.1ms | Allocations: 4416)
  Rendered layout layouts/application.html.erb (Duration: 5354.7ms | Allocations: 120432)
Completed 200 OK in 5772ms (Views: 5295.4ms | ActiveRecord: 68.5ms | Allocations: 403828)


Started POST "/create_board" for ::1 at 2024-09-27 12:00:33 -0400
Processing by BoardsController#create as TURBO_STREAM
  Parameters: {"authenticity_token"=>"[FILTERED]", "board"=>{"email"=>"test@example.com", "rows"=>"5", "cols"=>"5", "mines"=>"4"}, "commit"=>"Generate Board"}
  [1m[36mTRANSACTION (0.2ms)[0m  [1m[35mBEGIN[0m
  ↳ app/controllers/boards_controller.rb:14:in `create'
  [1m[36mBoard Create (1.5ms)[0m  [1m[32mINSERT INTO "boards" ("email", "mines", "rows", "cols", "created_at", "updated_at") VALUES ($1, $2, $3, $4, $5, $6) RETURNING "id"[0m  [["email", "test@example.com"], ["mines", "{5,3,23,10}"], ["rows", 5], ["cols", 5], ["created_at", "2024-09-27 16:00:33.277183"], ["updated_at", "2024-09-27 16:00:33.277183"]]
  ↳ app/controllers/boards_controller.rb:14:in `create'
  [1m[36mTRANSACTION (0.4ms)[0m  [1m[35mCOMMIT[0m
  ↳ app/controllers/boards_controller.rb:14:in `create'
Redirected to http://localhost:3000/boards/1
Completed 302 Found in 23ms (ActiveRecord: 4.9ms | Allocations: 9122)


Started GET "/boards/1" for ::1 at 2024-09-27 12:00:33 -0400
Processing by BoardsController#show as TURBO_STREAM
  Parameters: {"id"=>"1"}
  [1m[36mBoard Load (0.6ms)[0m  [1m[34mSELECT "boards".* FROM "boards" WHERE "boards"."id" = $1 LIMIT $2[0m  [["id", 1], ["LIMIT", 1]]
  ↳ app/controllers/boards_controller.rb:37:in `find_board'
  Rendering layout layouts/application.html.erb
  Rendering boards/show.html.erb within layouts/application
  Rendered boards/show.html.erb within layouts/application (Duration: 1.5ms | Allocations: 1171)
  Rendered layout layouts/application.html.erb (Duration: 6.5ms | Allocations: 4962)
Completed 200 OK in 13ms (Views: 7.1ms | ActiveRecord: 0.8ms | Allocations: 8083)


Started GET "/boards" for ::1 at 2024-09-27 12:00:49 -0400
Processing by BoardsController#index as HTML
  Rendering layout layouts/application.html.erb
  Rendering boards/index.html.erb within layouts/application
  [1m[36mBoard Load (0.3ms)[0m  [1m[34mSELECT "boards".* FROM "boards"[0m
  ↳ app/views/boards/_boards_table.html.erb:13:in `each_with_index'
  Rendered boards/_boards_table.html.erb (Duration: 1.4ms | Allocations: 678)
  Rendered boards/_boards_table.html.erb (Duration: 0.1ms | Allocations: 67)
  Rendered boards/index.html.erb within layouts/application (Duration: 3.3ms | Allocations: 1939)
  Rendered layout layouts/application.html.erb (Duration: 10.3ms | Allocations: 5381)
Completed 200 OK in 12ms (Views: 10.5ms | ActiveRecord: 0.3ms | Allocations: 5718)


Started GET "/boards" for ::1 at 2024-09-27 12:02:42 -0400
  [1m[36mActiveRecord::SchemaMigration Pluck (1.0ms)[0m  [1m[34mSELECT "schema_migrations"."version" FROM "schema_migrations" ORDER BY "schema_migrations"."version" ASC[0m
Processing by BoardsController#index as HTML
  Rendering layout layouts/application.html.erb
  Rendering boards/index.html.erb within layouts/application
  [1m[36mBoard Load (0.5ms)[0m  [1m[34mSELECT "boards".* FROM "boards"[0m
  ↳ app/views/boards/_boards_table.html.erb:13:in `each_with_index'
  Rendered boards/_boards_table.html.erb (Duration: 11.8ms | Allocations: 5976)
  Rendered boards/_boards_table.html.erb (Duration: 0.1ms | Allocations: 71)
  Rendered boards/index.html.erb within layouts/application (Duration: 23.1ms | Allocations: 9152)
  Rendered layout layouts/application.html.erb (Duration: 101.0ms | Allocations: 52102)
Completed 200 OK in 467ms (Views: 102.0ms | ActiveRecord: 4.1ms | Allocations: 335150)


Started POST "/create_board" for ::1 at 2024-09-27 12:02:53 -0400
Processing by BoardsController#create as TURBO_STREAM
  Parameters: {"authenticity_token"=>"[FILTERED]", "board"=>{"email"=>"test@example.com", "rows"=>"3", "cols"=>"3", "mines"=>"1"}, "commit"=>"Generate Board"}
  [1m[36mTRANSACTION (0.1ms)[0m  [1m[35mBEGIN[0m
  ↳ app/controllers/boards_controller.rb:14:in `create'
  [1m[36mBoard Create (0.5ms)[0m  [1m[32mINSERT INTO "boards" ("email", "mines", "rows", "cols", "created_at", "updated_at") VALUES ($1, $2, $3, $4, $5, $6) RETURNING "id"[0m  [["email", "test@example.com"], ["mines", "{5}"], ["rows", 3], ["cols", 3], ["created_at", "2024-09-27 16:02:53.521473"], ["updated_at", "2024-09-27 16:02:53.521473"]]
  ↳ app/controllers/boards_controller.rb:14:in `create'
  [1m[36mTRANSACTION (0.5ms)[0m  [1m[35mCOMMIT[0m
  ↳ app/controllers/boards_controller.rb:14:in `create'
Redirected to http://localhost:3000/boards/2
Completed 302 Found in 8ms (ActiveRecord: 1.1ms | Allocations: 4355)


Started GET "/boards/2" for ::1 at 2024-09-27 12:02:53 -0400
Processing by BoardsController#show as TURBO_STREAM
  Parameters: {"id"=>"2"}
  [1m[36mBoard Load (0.2ms)[0m  [1m[34mSELECT "boards".* FROM "boards" WHERE "boards"."id" = $1 LIMIT $2[0m  [["id", 2], ["LIMIT", 1]]
  ↳ app/controllers/boards_controller.rb:37:in `find_board'
  Rendering layout layouts/application.html.erb
  Rendering boards/show.html.erb within layouts/application
  Rendered boards/show.html.erb within layouts/application (Duration: 1.1ms | Allocations: 714)
  Rendered layout layouts/application.html.erb (Duration: 7.6ms | Allocations: 4583)
Completed 200 OK in 13ms (Views: 8.1ms | ActiveRecord: 0.4ms | Allocations: 7479)


Started GET "/boards" for ::1 at 2024-09-27 12:03:00 -0400
Processing by BoardsController#index as HTML
  Rendering layout layouts/application.html.erb
  Rendering boards/index.html.erb within layouts/application
  [1m[36mBoard Load (0.2ms)[0m  [1m[34mSELECT "boards".* FROM "boards"[0m
  ↳ app/views/boards/_boards_table.html.erb:13:in `each_with_index'
  Rendered boards/_boards_table.html.erb (Duration: 1.5ms | Allocations: 749)
  Rendered boards/_boards_table.html.erb (Duration: 0.1ms | Allocations: 123)
  Rendered boards/index.html.erb within layouts/application (Duration: 3.0ms | Allocations: 2057)
  Rendered layout layouts/application.html.erb (Duration: 6.8ms | Allocations: 5500)
Completed 200 OK in 8ms (Views: 7.0ms | ActiveRecord: 0.2ms | Allocations: 5848)


